<?xml version="1.0" encoding="UTF-8"?>
<!-- Generated by org.testng.reporters.JUnitReportReporter -->
<testsuite hostname="DESKTOP-29GKI2D" failures="0" tests="2" name="ActionItems.Kayak_Deta_Driven_Shafat" time="135.960" errors="1" timestamp="2020-05-22T22:03:22 EDT" skipped="0">
  <testcase classname="ActionItems.Kayak_Deta_Driven_Shafat" name="quitdriver" time="0.001">
    <error type="java.lang.NullPointerException">
      <![CDATA[java.lang.NullPointerException
at ActionItems.Kayak_Deta_Driven_Shafat.quitdriver(Kayak_Deta_Driven_Shafat.java:145)
at java.base/jdk.internal.reflect.NativeMethodAccessorImpl.invoke0(Native Method)
at java.base/jdk.internal.reflect.NativeMethodAccessorImpl.invoke(NativeMethodAccessorImpl.java:62)
at java.base/jdk.internal.reflect.DelegatingMethodAccessorImpl.invoke(DelegatingMethodAccessorImpl.java:43)
at java.base/java.lang.reflect.Method.invoke(Method.java:564)
at org.testng.internal.MethodInvocationHelper.invokeMethod(MethodInvocationHelper.java:134)
at org.testng.internal.MethodInvocationHelper.invokeMethodConsideringTimeout(MethodInvocationHelper.java:63)
at org.testng.internal.ConfigInvoker.invokeConfigurationMethod(ConfigInvoker.java:348)
at org.testng.internal.ConfigInvoker.invokeConfigurations(ConfigInvoker.java:302)
at org.testng.SuiteRunner.privateRun(SuiteRunner.java:351)
at org.testng.SuiteRunner.run(SuiteRunner.java:286)
at org.testng.SuiteRunnerWorker.runSuite(SuiteRunnerWorker.java:53)
at org.testng.SuiteRunnerWorker.run(SuiteRunnerWorker.java:96)
at org.testng.TestNG.runSuitesSequentially(TestNG.java:1187)
at org.testng.TestNG.runSuitesLocally(TestNG.java:1109)
at org.testng.TestNG.runSuites(TestNG.java:1039)
at org.testng.TestNG.run(TestNG.java:1007)
at com.intellij.rt.testng.IDEARemoteTestNG.run(IDEARemoteTestNG.java:66)
at com.intellij.rt.testng.RemoteTestNGStarter.main(RemoteTestNGStarter.java:110)
]]>
    </error>
  </testcase> <!-- quitdriver -->
  <system-out/>
  <testcase classname="ActionItems.Kayak_Deta_Driven_Shafat" name="KayakTestCase" time="135.959"/>
  <system-out>
Entering a value on element airportName Entering a value on element startingdate Entering a value on element startDate Capturing a text from element vehicleInfo Entering a value on element airportName Entering a value on element startingdate Entering a value on element startDate Capturing a text from element vehicleInfo Entering a value on element airportName Entering a value on element startingdate Entering a value on element startDate Capturing a text from element vehicleInfo Unable to capture text on element vehicleInfo org.openqa.selenium.TimeoutException: Expected condition failed: waiting for presence of element located by: By.xpath: (//*[contains(@class,'Checkout-Common-Baselayout-R')or contains(@class,'bui-panel') ])[5] (tried for 20 second(s) with 500 milliseconds interval)  </system-out>
</testsuite> <!-- ActionItems.Kayak_Deta_Driven_Shafat -->
